[ 2018-01-31T09:42:48+08:00 ] 172.18.4.218 /index.php?s=/Admin/Login/index.html/
NOTIC: [8] Use of undefined constant SHOW_PAGE_TRACE - assumed 'SHOW_PAGE_TRACE' C:\Users\ZC\Desktop\shop\server\App\Common\Conf\debug.php 第 4 行.
INFO: [ app_init ] --START--
INFO: Run Behavior\BuildLiteBehavior [ RunTime:0.000013s ]
INFO: [ app_init ] --END-- [ RunTime:0.000089s ]
INFO: [ app_begin ] --START--
INFO: Run Behavior\ReadHtmlCacheBehavior [ RunTime:0.000911s ]
INFO: [ app_begin ] --END-- [ RunTime:0.000948s ]
SQL: SHOW COLUMNS FROM `lr_program` [ RunTime:0.1671s ]
SQL: SELECT * FROM `lr_program` LIMIT 1   [ RunTime:0.0010s ]
INFO: [ view_parse ] --START--
INFO: [ template_filter ] --START--
INFO: Run Behavior\ContentReplaceBehavior [ RunTime:0.013730s ]
INFO: [ template_filter ] --END-- [ RunTime:0.013811s ]
NOTIC: [8] Undefined variable: key C:\Users\ZC\Desktop\shop\server\App\Runtime\Cache\Admin\f0f0edaa955fd2857dedea53d1ab9ca3.php 第 35 行.
INFO: Run Behavior\ParseTemplateBehavior [ RunTime:0.081868s ]
INFO: [ view_parse ] --END-- [ RunTime:0.081941s ]
INFO: [ view_filter ] --START--
INFO: Run Behavior\WriteHtmlCacheBehavior [ RunTime:0.062797s ]
INFO: [ view_filter ] --END-- [ RunTime:0.062967s ]
INFO: [ app_end ] --START--
INFO: Run Behavior\ShowPageTraceBehavior [ RunTime:0.012732s ]
INFO: [ app_end ] --END-- [ RunTime:0.012769s ]

[ 2018-01-31T09:43:37+08:00 ] 172.18.4.218 /index.php?s=/Admin/Login/index.html/
NOTIC: [8] Use of undefined constant SHOW_PAGE_TRACE - assumed 'SHOW_PAGE_TRACE' C:\Users\ZC\Desktop\shop\server\App\Common\Conf\debug.php 第 4 行.
INFO: [ app_init ] --START--
INFO: Run Behavior\BuildLiteBehavior [ RunTime:0.000009s ]
INFO: [ app_init ] --END-- [ RunTime:0.000038s ]
INFO: [ app_begin ] --START--
INFO: Run Behavior\ReadHtmlCacheBehavior [ RunTime:0.000619s ]
INFO: [ app_begin ] --END-- [ RunTime:0.000665s ]
SQL: SHOW COLUMNS FROM `lr_adminuser` [ RunTime:0.0604s ]
SQL: SELECT * FROM `lr_adminuser` WHERE ( name='admin' AND del<1 ) LIMIT 1   [ RunTime:0.0371s ]
SQL: SHOW COLUMNS FROM `lr_program` [ RunTime:0.0048s ]
SQL: SELECT * FROM `lr_program` LIMIT 1   [ RunTime:0.0003s ]
NOTIC: [8] Undefined index: shop_id C:\Users\ZC\Desktop\shop\server\App\Admin\Controller\LoginController.class.php 第 21 行.
INFO: [ app_end ] --START--
INFO: Run Behavior\ShowPageTraceBehavior [ RunTime:0.000799s ]
INFO: [ app_end ] --END-- [ RunTime:0.000859s ]

[ 2018-01-31T09:43:38+08:00 ] 172.18.4.218 /index.php?s=/Admin/Index/index.html
NOTIC: [8] Use of undefined constant SHOW_PAGE_TRACE - assumed 'SHOW_PAGE_TRACE' C:\Users\ZC\Desktop\shop\server\App\Common\Conf\debug.php 第 4 行.
INFO: [ app_init ] --START--
INFO: Run Behavior\BuildLiteBehavior [ RunTime:0.000008s ]
INFO: [ app_init ] --END-- [ RunTime:0.000036s ]
INFO: [ app_begin ] --START--
INFO: Run Behavior\ReadHtmlCacheBehavior [ RunTime:0.000559s ]
INFO: [ app_begin ] --END-- [ RunTime:0.000591s ]
SQL: SHOW COLUMNS FROM `lr_web` [ RunTime:0.0301s ]
SQL: SELECT `concent` FROM `lr_web` WHERE ( id=5 ) LIMIT 1   [ RunTime:0.0105s ]
INFO: [ view_parse ] --START--
INFO: [ template_filter ] --START--
INFO: Run Behavior\ContentReplaceBehavior [ RunTime:0.000086s ]
INFO: [ template_filter ] --END-- [ RunTime:0.000124s ]
INFO: Run Behavior\ParseTemplateBehavior [ RunTime:0.071410s ]
INFO: [ view_parse ] --END-- [ RunTime:0.071474s ]
INFO: [ view_filter ] --START--
INFO: Run Behavior\WriteHtmlCacheBehavior [ RunTime:0.000502s ]
INFO: [ view_filter ] --END-- [ RunTime:0.000548s ]
INFO: [ app_end ] --START--
INFO: Run Behavior\ShowPageTraceBehavior [ RunTime:0.000848s ]
INFO: [ app_end ] --END-- [ RunTime:0.000897s ]

[ 2018-01-31T09:43:41+08:00 ] 172.18.4.218 /index.php?s=/Admin/Page/adminindex.html
NOTIC: [8] Use of undefined constant SHOW_PAGE_TRACE - assumed 'SHOW_PAGE_TRACE' C:\Users\ZC\Desktop\shop\server\App\Common\Conf\debug.php 第 4 行.
INFO: [ app_init ] --START--
INFO: Run Behavior\BuildLiteBehavior [ RunTime:0.000007s ]
INFO: [ app_init ] --END-- [ RunTime:0.000032s ]
INFO: [ app_begin ] --START--
INFO: Run Behavior\ReadHtmlCacheBehavior [ RunTime:0.000427s ]
INFO: [ app_begin ] --END-- [ RunTime:0.000452s ]
INFO: [ view_parse ] --START--
INFO: [ template_filter ] --START--
INFO: Run Behavior\ContentReplaceBehavior [ RunTime:0.000049s ]
INFO: [ template_filter ] --END-- [ RunTime:0.000114s ]
INFO: Run Behavior\ParseTemplateBehavior [ RunTime:0.005543s ]
INFO: [ view_parse ] --END-- [ RunTime:0.005593s ]
INFO: [ view_filter ] --START--
INFO: Run Behavior\WriteHtmlCacheBehavior [ RunTime:0.000423s ]
INFO: [ view_filter ] --END-- [ RunTime:0.000459s ]
INFO: [ app_end ] --START--
INFO: Run Behavior\ShowPageTraceBehavior [ RunTime:0.000644s ]
INFO: [ app_end ] --END-- [ RunTime:0.000683s ]

[ 2018-01-31T09:43:44+08:00 ] 172.18.4.218 /index.php?s=/Admin/Login/index.html
NOTIC: [8] Use of undefined constant SHOW_PAGE_TRACE - assumed 'SHOW_PAGE_TRACE' C:\Users\ZC\Desktop\shop\server\App\Common\Conf\debug.php 第 4 行.
INFO: [ app_init ] --START--
INFO: Run Behavior\BuildLiteBehavior [ RunTime:0.000019s ]
INFO: [ app_init ] --END-- [ RunTime:0.000095s ]
INFO: [ app_begin ] --START--
INFO: Run Behavior\ReadHtmlCacheBehavior [ RunTime:0.001279s ]
INFO: [ app_begin ] --END-- [ RunTime:0.001362s ]
SQL: SHOW COLUMNS FROM `lr_program` [ RunTime:0.0058s ]
SQL: SELECT * FROM `lr_program` LIMIT 1   [ RunTime:0.0003s ]
INFO: [ view_parse ] --START--
INFO: [ template_filter ] --START--
INFO: Run Behavior\ContentReplaceBehavior [ RunTime:0.000060s ]
INFO: [ template_filter ] --END-- [ RunTime:0.000106s ]
NOTIC: [8] Undefined variable: key C:\Users\ZC\Desktop\shop\server\App\Runtime\Cache\Admin\f0f0edaa955fd2857dedea53d1ab9ca3.php 第 35 行.
INFO: Run Behavior\ParseTemplateBehavior [ RunTime:0.006591s ]
INFO: [ view_parse ] --END-- [ RunTime:0.006636s ]
INFO: [ view_filter ] --START--
INFO: Run Behavior\WriteHtmlCacheBehavior [ RunTime:0.000553s ]
INFO: [ view_filter ] --END-- [ RunTime:0.000609s ]
INFO: [ app_end ] --START--
INFO: Run Behavior\ShowPageTraceBehavior [ RunTime:0.001468s ]
INFO: [ app_end ] --END-- [ RunTime:0.001546s ]

[ 2018-01-31T09:43:51+08:00 ] 172.18.4.218 /index.php?s=/Admin/Adminuser/adminuser.html
NOTIC: [8] Use of undefined constant SHOW_PAGE_TRACE - assumed 'SHOW_PAGE_TRACE' C:\Users\ZC\Desktop\shop\server\App\Common\Conf\debug.php 第 4 行.
INFO: [ app_init ] --START--
INFO: Run Behavior\BuildLiteBehavior [ RunTime:0.000009s ]
INFO: [ app_init ] --END-- [ RunTime:0.000050s ]
INFO: [ app_begin ] --START--
INFO: Run Behavior\ReadHtmlCacheBehavior [ RunTime:0.000679s ]
INFO: [ app_begin ] --END-- [ RunTime:0.000732s ]
NOTIC: [8] Undefined index: id C:\Users\ZC\Desktop\shop\server\App\Admin\Controller\AdminuserController.class.php 第 9 行.
NOTIC: [8] Undefined index: name C:\Users\ZC\Desktop\shop\server\App\Admin\Controller\AdminuserController.class.php 第 10 行.
NOTIC: [8] Undefined index: name C:\Users\ZC\Desktop\shop\server\App\Admin\Controller\AdminuserController.class.php 第 12 行.
SQL: SHOW COLUMNS FROM `lr_adminuser` [ RunTime:0.0027s ]
SQL: SELECT COUNT(*) AS tp_count FROM `lr_adminuser` WHERE ( 1=1 AND del<1 ) LIMIT 1   [ RunTime:0.1947s ]
NOTIC: [8] Undefined index: page C:\Users\ZC\Desktop\shop\server\App\Admin\Controller\AdminuserController.class.php 第 23 行.
SQL: SELECT * FROM `lr_adminuser` WHERE ( 1=1 AND del<1 ) ORDER BY id desc LIMIT 0,10   [ RunTime:0.0021s ]
INFO: [ view_parse ] --START--
INFO: [ template_filter ] --START--
INFO: Run Behavior\ContentReplaceBehavior [ RunTime:0.000300s ]
INFO: [ template_filter ] --END-- [ RunTime:0.000452s ]
NOTIC: [8] Undefined variable: tel C:\Users\ZC\Desktop\shop\server\App\Runtime\Cache\Admin\c6ec897bf2d6cf4dffb88881d4f29975.php 第 28 行.
INFO: Run Behavior\ParseTemplateBehavior [ RunTime:0.086987s ]
INFO: [ view_parse ] --END-- [ RunTime:0.087120s ]
INFO: [ view_filter ] --START--
INFO: Run Behavior\WriteHtmlCacheBehavior [ RunTime:0.001352s ]
INFO: [ view_filter ] --END-- [ RunTime:0.001462s ]
INFO: [ app_end ] --START--
INFO: Run Behavior\ShowPageTraceBehavior [ RunTime:0.003557s ]
INFO: [ app_end ] --END-- [ RunTime:0.003675s ]

[ 2018-01-31T09:43:54+08:00 ] 172.18.4.218 /index.php?s=/Admin/Adminuser/add.html&id=1
NOTIC: [8] Use of undefined constant SHOW_PAGE_TRACE - assumed 'SHOW_PAGE_TRACE' C:\Users\ZC\Desktop\shop\server\App\Common\Conf\debug.php 第 4 行.
INFO: [ app_init ] --START--
INFO: Run Behavior\BuildLiteBehavior [ RunTime:0.000018s ]
INFO: [ app_init ] --END-- [ RunTime:0.000105s ]
INFO: [ app_begin ] --START--
INFO: Run Behavior\ReadHtmlCacheBehavior [ RunTime:0.000743s ]
INFO: [ app_begin ] --END-- [ RunTime:0.000787s ]
NOTIC: [8] Undefined index: submit C:\Users\ZC\Desktop\shop\server\App\Admin\Controller\AdminuserController.class.php 第 50 行.
SQL: SHOW COLUMNS FROM `lr_adminuser` [ RunTime:0.0039s ]
SQL: SELECT * FROM `lr_adminuser` WHERE ( id=1 ) LIMIT 1   [ RunTime:0.0004s ]
INFO: [ view_parse ] --START--
INFO: [ template_filter ] --START--
INFO: Run Behavior\ContentReplaceBehavior [ RunTime:0.000067s ]
INFO: [ template_filter ] --END-- [ RunTime:0.000104s ]
INFO: Run Behavior\ParseTemplateBehavior [ RunTime:0.017505s ]
INFO: [ view_parse ] --END-- [ RunTime:0.017561s ]
INFO: [ view_filter ] --START--
INFO: Run Behavior\WriteHtmlCacheBehavior [ RunTime:0.000503s ]
INFO: [ view_filter ] --END-- [ RunTime:0.000549s ]
INFO: [ app_end ] --START--
INFO: Run Behavior\ShowPageTraceBehavior [ RunTime:0.000878s ]
INFO: [ app_end ] --END-- [ RunTime:0.000926s ]

[ 2018-01-31T09:43:56+08:00 ] 172.18.4.218 /index.php?s=/Admin/Adminuser/adminuser.html
NOTIC: [8] Use of undefined constant SHOW_PAGE_TRACE - assumed 'SHOW_PAGE_TRACE' C:\Users\ZC\Desktop\shop\server\App\Common\Conf\debug.php 第 4 行.
INFO: [ app_init ] --START--
INFO: Run Behavior\BuildLiteBehavior [ RunTime:0.000021s ]
INFO: [ app_init ] --END-- [ RunTime:0.000091s ]
INFO: [ app_begin ] --START--
INFO: Run Behavior\ReadHtmlCacheBehavior [ RunTime:0.001054s ]
INFO: [ app_begin ] --END-- [ RunTime:0.001121s ]
NOTIC: [8] Undefined index: id C:\Users\ZC\Desktop\shop\server\App\Admin\Controller\AdminuserController.class.php 第 9 行.
NOTIC: [8] Undefined index: name C:\Users\ZC\Desktop\shop\server\App\Admin\Controller\AdminuserController.class.php 第 10 行.
NOTIC: [8] Undefined index: name C:\Users\ZC\Desktop\shop\server\App\Admin\Controller\AdminuserController.class.php 第 12 行.
SQL: SHOW COLUMNS FROM `lr_adminuser` [ RunTime:0.0033s ]
SQL: SELECT COUNT(*) AS tp_count FROM `lr_adminuser` WHERE ( 1=1 AND del<1 ) LIMIT 1   [ RunTime:0.0002s ]
NOTIC: [8] Undefined index: page C:\Users\ZC\Desktop\shop\server\App\Admin\Controller\AdminuserController.class.php 第 23 行.
SQL: SELECT * FROM `lr_adminuser` WHERE ( 1=1 AND del<1 ) ORDER BY id desc LIMIT 0,10   [ RunTime:0.0002s ]
INFO: [ view_parse ] --START--
INFO: [ template_filter ] --START--
INFO: Run Behavior\ContentReplaceBehavior [ RunTime:0.000060s ]
INFO: [ template_filter ] --END-- [ RunTime:0.000091s ]
NOTIC: [8] Undefined variable: tel C:\Users\ZC\Desktop\shop\server\App\Runtime\Cache\Admin\c6ec897bf2d6cf4dffb88881d4f29975.php 第 28 行.
INFO: Run Behavior\ParseTemplateBehavior [ RunTime:0.006159s ]
INFO: [ view_parse ] --END-- [ RunTime:0.006198s ]
INFO: [ view_filter ] --START--
INFO: Run Behavior\WriteHtmlCacheBehavior [ RunTime:0.000299s ]
INFO: [ view_filter ] --END-- [ RunTime:0.000325s ]
INFO: [ app_end ] --START--
INFO: Run Behavior\ShowPageTraceBehavior [ RunTime:0.000691s ]
INFO: [ app_end ] --END-- [ RunTime:0.000733s ]

[ 2018-01-31T09:44:38+08:00 ] 172.18.4.218 /index.php?s=/Admin/Index/index.html
NOTIC: [8] Use of undefined constant SHOW_PAGE_TRACE - assumed 'SHOW_PAGE_TRACE' C:\Users\ZC\Desktop\shop\server\App\Common\Conf\debug.php 第 4 行.
INFO: [ app_init ] --START--
INFO: Run Behavior\BuildLiteBehavior [ RunTime:0.000022s ]
INFO: [ app_init ] --END-- [ RunTime:0.000066s ]
INFO: [ app_begin ] --START--
INFO: Run Behavior\ReadHtmlCacheBehavior [ RunTime:0.000391s ]
INFO: [ app_begin ] --END-- [ RunTime:0.000418s ]

[ 2018-01-31T09:44:41+08:00 ] 172.18.4.218 /index.php?s=/Admin/Page/adminindex.html
NOTIC: [8] Use of undefined constant SHOW_PAGE_TRACE - assumed 'SHOW_PAGE_TRACE' C:\Users\ZC\Desktop\shop\server\App\Common\Conf\debug.php 第 4 行.
INFO: [ app_init ] --START--
INFO: Run Behavior\BuildLiteBehavior [ RunTime:0.000009s ]
INFO: [ app_init ] --END-- [ RunTime:0.000048s ]
INFO: [ app_begin ] --START--
INFO: Run Behavior\ReadHtmlCacheBehavior [ RunTime:0.000509s ]
INFO: [ app_begin ] --END-- [ RunTime:0.000546s ]

[ 2018-01-31T09:44:50+08:00 ] 172.18.4.218 /index.php?s=/Admin/Adminuser/adminuser.html
NOTIC: [8] Use of undefined constant SHOW_PAGE_TRACE - assumed 'SHOW_PAGE_TRACE' C:\Users\ZC\Desktop\shop\server\App\Common\Conf\debug.php 第 4 行.
INFO: [ app_init ] --START--
INFO: Run Behavior\BuildLiteBehavior [ RunTime:0.000011s ]
INFO: [ app_init ] --END-- [ RunTime:0.000052s ]
INFO: [ app_begin ] --START--
INFO: Run Behavior\ReadHtmlCacheBehavior [ RunTime:0.001209s ]
INFO: [ app_begin ] --END-- [ RunTime:0.001265s ]

[ 2018-01-31T09:44:54+08:00 ] 172.18.4.218 /index.php?s=/Admin/Adminuser/add.html&id=1
NOTIC: [8] Use of undefined constant SHOW_PAGE_TRACE - assumed 'SHOW_PAGE_TRACE' C:\Users\ZC\Desktop\shop\server\App\Common\Conf\debug.php 第 4 行.
INFO: [ app_init ] --START--
INFO: Run Behavior\BuildLiteBehavior [ RunTime:0.000018s ]
INFO: [ app_init ] --END-- [ RunTime:0.000104s ]
INFO: [ app_begin ] --START--
INFO: Run Behavior\ReadHtmlCacheBehavior [ RunTime:0.001047s ]
INFO: [ app_begin ] --END-- [ RunTime:0.001121s ]

